G75*
%MOIN*%
%OFA0B0*%
%FSLAX25Y25*%
%IPPOS*%
%LPD*%
%AMOC8*
5,1,8,0,0,1.08239X$1,22.5*
%
%ADD10C,0.00000*%
D10*
X0001598Y0001000D02*
X0001598Y0315961D01*
X0395298Y0315961D01*
X0395298Y0001000D01*
X0001598Y0001000D01*
X0009629Y0016000D02*
X0009631Y0016153D01*
X0009637Y0016307D01*
X0009647Y0016460D01*
X0009661Y0016612D01*
X0009679Y0016765D01*
X0009701Y0016916D01*
X0009726Y0017067D01*
X0009756Y0017218D01*
X0009790Y0017368D01*
X0009827Y0017516D01*
X0009868Y0017664D01*
X0009913Y0017810D01*
X0009962Y0017956D01*
X0010015Y0018100D01*
X0010071Y0018242D01*
X0010131Y0018383D01*
X0010195Y0018523D01*
X0010262Y0018661D01*
X0010333Y0018797D01*
X0010408Y0018931D01*
X0010485Y0019063D01*
X0010567Y0019193D01*
X0010651Y0019321D01*
X0010739Y0019447D01*
X0010830Y0019570D01*
X0010924Y0019691D01*
X0011022Y0019809D01*
X0011122Y0019925D01*
X0011226Y0020038D01*
X0011332Y0020149D01*
X0011441Y0020257D01*
X0011553Y0020362D01*
X0011667Y0020463D01*
X0011785Y0020562D01*
X0011904Y0020658D01*
X0012026Y0020751D01*
X0012151Y0020840D01*
X0012278Y0020927D01*
X0012407Y0021009D01*
X0012538Y0021089D01*
X0012671Y0021165D01*
X0012806Y0021238D01*
X0012943Y0021307D01*
X0013082Y0021372D01*
X0013222Y0021434D01*
X0013364Y0021492D01*
X0013507Y0021547D01*
X0013652Y0021598D01*
X0013798Y0021645D01*
X0013945Y0021688D01*
X0014093Y0021727D01*
X0014242Y0021763D01*
X0014392Y0021794D01*
X0014543Y0021822D01*
X0014694Y0021846D01*
X0014847Y0021866D01*
X0014999Y0021882D01*
X0015152Y0021894D01*
X0015305Y0021902D01*
X0015458Y0021906D01*
X0015612Y0021906D01*
X0015765Y0021902D01*
X0015918Y0021894D01*
X0016071Y0021882D01*
X0016223Y0021866D01*
X0016376Y0021846D01*
X0016527Y0021822D01*
X0016678Y0021794D01*
X0016828Y0021763D01*
X0016977Y0021727D01*
X0017125Y0021688D01*
X0017272Y0021645D01*
X0017418Y0021598D01*
X0017563Y0021547D01*
X0017706Y0021492D01*
X0017848Y0021434D01*
X0017988Y0021372D01*
X0018127Y0021307D01*
X0018264Y0021238D01*
X0018399Y0021165D01*
X0018532Y0021089D01*
X0018663Y0021009D01*
X0018792Y0020927D01*
X0018919Y0020840D01*
X0019044Y0020751D01*
X0019166Y0020658D01*
X0019285Y0020562D01*
X0019403Y0020463D01*
X0019517Y0020362D01*
X0019629Y0020257D01*
X0019738Y0020149D01*
X0019844Y0020038D01*
X0019948Y0019925D01*
X0020048Y0019809D01*
X0020146Y0019691D01*
X0020240Y0019570D01*
X0020331Y0019447D01*
X0020419Y0019321D01*
X0020503Y0019193D01*
X0020585Y0019063D01*
X0020662Y0018931D01*
X0020737Y0018797D01*
X0020808Y0018661D01*
X0020875Y0018523D01*
X0020939Y0018383D01*
X0020999Y0018242D01*
X0021055Y0018100D01*
X0021108Y0017956D01*
X0021157Y0017810D01*
X0021202Y0017664D01*
X0021243Y0017516D01*
X0021280Y0017368D01*
X0021314Y0017218D01*
X0021344Y0017067D01*
X0021369Y0016916D01*
X0021391Y0016765D01*
X0021409Y0016612D01*
X0021423Y0016460D01*
X0021433Y0016307D01*
X0021439Y0016153D01*
X0021441Y0016000D01*
X0021439Y0015847D01*
X0021433Y0015693D01*
X0021423Y0015540D01*
X0021409Y0015388D01*
X0021391Y0015235D01*
X0021369Y0015084D01*
X0021344Y0014933D01*
X0021314Y0014782D01*
X0021280Y0014632D01*
X0021243Y0014484D01*
X0021202Y0014336D01*
X0021157Y0014190D01*
X0021108Y0014044D01*
X0021055Y0013900D01*
X0020999Y0013758D01*
X0020939Y0013617D01*
X0020875Y0013477D01*
X0020808Y0013339D01*
X0020737Y0013203D01*
X0020662Y0013069D01*
X0020585Y0012937D01*
X0020503Y0012807D01*
X0020419Y0012679D01*
X0020331Y0012553D01*
X0020240Y0012430D01*
X0020146Y0012309D01*
X0020048Y0012191D01*
X0019948Y0012075D01*
X0019844Y0011962D01*
X0019738Y0011851D01*
X0019629Y0011743D01*
X0019517Y0011638D01*
X0019403Y0011537D01*
X0019285Y0011438D01*
X0019166Y0011342D01*
X0019044Y0011249D01*
X0018919Y0011160D01*
X0018792Y0011073D01*
X0018663Y0010991D01*
X0018532Y0010911D01*
X0018399Y0010835D01*
X0018264Y0010762D01*
X0018127Y0010693D01*
X0017988Y0010628D01*
X0017848Y0010566D01*
X0017706Y0010508D01*
X0017563Y0010453D01*
X0017418Y0010402D01*
X0017272Y0010355D01*
X0017125Y0010312D01*
X0016977Y0010273D01*
X0016828Y0010237D01*
X0016678Y0010206D01*
X0016527Y0010178D01*
X0016376Y0010154D01*
X0016223Y0010134D01*
X0016071Y0010118D01*
X0015918Y0010106D01*
X0015765Y0010098D01*
X0015612Y0010094D01*
X0015458Y0010094D01*
X0015305Y0010098D01*
X0015152Y0010106D01*
X0014999Y0010118D01*
X0014847Y0010134D01*
X0014694Y0010154D01*
X0014543Y0010178D01*
X0014392Y0010206D01*
X0014242Y0010237D01*
X0014093Y0010273D01*
X0013945Y0010312D01*
X0013798Y0010355D01*
X0013652Y0010402D01*
X0013507Y0010453D01*
X0013364Y0010508D01*
X0013222Y0010566D01*
X0013082Y0010628D01*
X0012943Y0010693D01*
X0012806Y0010762D01*
X0012671Y0010835D01*
X0012538Y0010911D01*
X0012407Y0010991D01*
X0012278Y0011073D01*
X0012151Y0011160D01*
X0012026Y0011249D01*
X0011904Y0011342D01*
X0011785Y0011438D01*
X0011667Y0011537D01*
X0011553Y0011638D01*
X0011441Y0011743D01*
X0011332Y0011851D01*
X0011226Y0011962D01*
X0011122Y0012075D01*
X0011022Y0012191D01*
X0010924Y0012309D01*
X0010830Y0012430D01*
X0010739Y0012553D01*
X0010651Y0012679D01*
X0010567Y0012807D01*
X0010485Y0012937D01*
X0010408Y0013069D01*
X0010333Y0013203D01*
X0010262Y0013339D01*
X0010195Y0013477D01*
X0010131Y0013617D01*
X0010071Y0013758D01*
X0010015Y0013900D01*
X0009962Y0014044D01*
X0009913Y0014190D01*
X0009868Y0014336D01*
X0009827Y0014484D01*
X0009790Y0014632D01*
X0009756Y0014782D01*
X0009726Y0014933D01*
X0009701Y0015084D01*
X0009679Y0015235D01*
X0009661Y0015388D01*
X0009647Y0015540D01*
X0009637Y0015693D01*
X0009631Y0015847D01*
X0009629Y0016000D01*
X0009629Y0302063D02*
X0009631Y0302216D01*
X0009637Y0302370D01*
X0009647Y0302523D01*
X0009661Y0302675D01*
X0009679Y0302828D01*
X0009701Y0302979D01*
X0009726Y0303130D01*
X0009756Y0303281D01*
X0009790Y0303431D01*
X0009827Y0303579D01*
X0009868Y0303727D01*
X0009913Y0303873D01*
X0009962Y0304019D01*
X0010015Y0304163D01*
X0010071Y0304305D01*
X0010131Y0304446D01*
X0010195Y0304586D01*
X0010262Y0304724D01*
X0010333Y0304860D01*
X0010408Y0304994D01*
X0010485Y0305126D01*
X0010567Y0305256D01*
X0010651Y0305384D01*
X0010739Y0305510D01*
X0010830Y0305633D01*
X0010924Y0305754D01*
X0011022Y0305872D01*
X0011122Y0305988D01*
X0011226Y0306101D01*
X0011332Y0306212D01*
X0011441Y0306320D01*
X0011553Y0306425D01*
X0011667Y0306526D01*
X0011785Y0306625D01*
X0011904Y0306721D01*
X0012026Y0306814D01*
X0012151Y0306903D01*
X0012278Y0306990D01*
X0012407Y0307072D01*
X0012538Y0307152D01*
X0012671Y0307228D01*
X0012806Y0307301D01*
X0012943Y0307370D01*
X0013082Y0307435D01*
X0013222Y0307497D01*
X0013364Y0307555D01*
X0013507Y0307610D01*
X0013652Y0307661D01*
X0013798Y0307708D01*
X0013945Y0307751D01*
X0014093Y0307790D01*
X0014242Y0307826D01*
X0014392Y0307857D01*
X0014543Y0307885D01*
X0014694Y0307909D01*
X0014847Y0307929D01*
X0014999Y0307945D01*
X0015152Y0307957D01*
X0015305Y0307965D01*
X0015458Y0307969D01*
X0015612Y0307969D01*
X0015765Y0307965D01*
X0015918Y0307957D01*
X0016071Y0307945D01*
X0016223Y0307929D01*
X0016376Y0307909D01*
X0016527Y0307885D01*
X0016678Y0307857D01*
X0016828Y0307826D01*
X0016977Y0307790D01*
X0017125Y0307751D01*
X0017272Y0307708D01*
X0017418Y0307661D01*
X0017563Y0307610D01*
X0017706Y0307555D01*
X0017848Y0307497D01*
X0017988Y0307435D01*
X0018127Y0307370D01*
X0018264Y0307301D01*
X0018399Y0307228D01*
X0018532Y0307152D01*
X0018663Y0307072D01*
X0018792Y0306990D01*
X0018919Y0306903D01*
X0019044Y0306814D01*
X0019166Y0306721D01*
X0019285Y0306625D01*
X0019403Y0306526D01*
X0019517Y0306425D01*
X0019629Y0306320D01*
X0019738Y0306212D01*
X0019844Y0306101D01*
X0019948Y0305988D01*
X0020048Y0305872D01*
X0020146Y0305754D01*
X0020240Y0305633D01*
X0020331Y0305510D01*
X0020419Y0305384D01*
X0020503Y0305256D01*
X0020585Y0305126D01*
X0020662Y0304994D01*
X0020737Y0304860D01*
X0020808Y0304724D01*
X0020875Y0304586D01*
X0020939Y0304446D01*
X0020999Y0304305D01*
X0021055Y0304163D01*
X0021108Y0304019D01*
X0021157Y0303873D01*
X0021202Y0303727D01*
X0021243Y0303579D01*
X0021280Y0303431D01*
X0021314Y0303281D01*
X0021344Y0303130D01*
X0021369Y0302979D01*
X0021391Y0302828D01*
X0021409Y0302675D01*
X0021423Y0302523D01*
X0021433Y0302370D01*
X0021439Y0302216D01*
X0021441Y0302063D01*
X0021439Y0301910D01*
X0021433Y0301756D01*
X0021423Y0301603D01*
X0021409Y0301451D01*
X0021391Y0301298D01*
X0021369Y0301147D01*
X0021344Y0300996D01*
X0021314Y0300845D01*
X0021280Y0300695D01*
X0021243Y0300547D01*
X0021202Y0300399D01*
X0021157Y0300253D01*
X0021108Y0300107D01*
X0021055Y0299963D01*
X0020999Y0299821D01*
X0020939Y0299680D01*
X0020875Y0299540D01*
X0020808Y0299402D01*
X0020737Y0299266D01*
X0020662Y0299132D01*
X0020585Y0299000D01*
X0020503Y0298870D01*
X0020419Y0298742D01*
X0020331Y0298616D01*
X0020240Y0298493D01*
X0020146Y0298372D01*
X0020048Y0298254D01*
X0019948Y0298138D01*
X0019844Y0298025D01*
X0019738Y0297914D01*
X0019629Y0297806D01*
X0019517Y0297701D01*
X0019403Y0297600D01*
X0019285Y0297501D01*
X0019166Y0297405D01*
X0019044Y0297312D01*
X0018919Y0297223D01*
X0018792Y0297136D01*
X0018663Y0297054D01*
X0018532Y0296974D01*
X0018399Y0296898D01*
X0018264Y0296825D01*
X0018127Y0296756D01*
X0017988Y0296691D01*
X0017848Y0296629D01*
X0017706Y0296571D01*
X0017563Y0296516D01*
X0017418Y0296465D01*
X0017272Y0296418D01*
X0017125Y0296375D01*
X0016977Y0296336D01*
X0016828Y0296300D01*
X0016678Y0296269D01*
X0016527Y0296241D01*
X0016376Y0296217D01*
X0016223Y0296197D01*
X0016071Y0296181D01*
X0015918Y0296169D01*
X0015765Y0296161D01*
X0015612Y0296157D01*
X0015458Y0296157D01*
X0015305Y0296161D01*
X0015152Y0296169D01*
X0014999Y0296181D01*
X0014847Y0296197D01*
X0014694Y0296217D01*
X0014543Y0296241D01*
X0014392Y0296269D01*
X0014242Y0296300D01*
X0014093Y0296336D01*
X0013945Y0296375D01*
X0013798Y0296418D01*
X0013652Y0296465D01*
X0013507Y0296516D01*
X0013364Y0296571D01*
X0013222Y0296629D01*
X0013082Y0296691D01*
X0012943Y0296756D01*
X0012806Y0296825D01*
X0012671Y0296898D01*
X0012538Y0296974D01*
X0012407Y0297054D01*
X0012278Y0297136D01*
X0012151Y0297223D01*
X0012026Y0297312D01*
X0011904Y0297405D01*
X0011785Y0297501D01*
X0011667Y0297600D01*
X0011553Y0297701D01*
X0011441Y0297806D01*
X0011332Y0297914D01*
X0011226Y0298025D01*
X0011122Y0298138D01*
X0011022Y0298254D01*
X0010924Y0298372D01*
X0010830Y0298493D01*
X0010739Y0298616D01*
X0010651Y0298742D01*
X0010567Y0298870D01*
X0010485Y0299000D01*
X0010408Y0299132D01*
X0010333Y0299266D01*
X0010262Y0299402D01*
X0010195Y0299540D01*
X0010131Y0299680D01*
X0010071Y0299821D01*
X0010015Y0299963D01*
X0009962Y0300107D01*
X0009913Y0300253D01*
X0009868Y0300399D01*
X0009827Y0300547D01*
X0009790Y0300695D01*
X0009756Y0300845D01*
X0009726Y0300996D01*
X0009701Y0301147D01*
X0009679Y0301298D01*
X0009661Y0301451D01*
X0009647Y0301603D01*
X0009637Y0301756D01*
X0009631Y0301910D01*
X0009629Y0302063D01*
X0375692Y0302063D02*
X0375694Y0302216D01*
X0375700Y0302370D01*
X0375710Y0302523D01*
X0375724Y0302675D01*
X0375742Y0302828D01*
X0375764Y0302979D01*
X0375789Y0303130D01*
X0375819Y0303281D01*
X0375853Y0303431D01*
X0375890Y0303579D01*
X0375931Y0303727D01*
X0375976Y0303873D01*
X0376025Y0304019D01*
X0376078Y0304163D01*
X0376134Y0304305D01*
X0376194Y0304446D01*
X0376258Y0304586D01*
X0376325Y0304724D01*
X0376396Y0304860D01*
X0376471Y0304994D01*
X0376548Y0305126D01*
X0376630Y0305256D01*
X0376714Y0305384D01*
X0376802Y0305510D01*
X0376893Y0305633D01*
X0376987Y0305754D01*
X0377085Y0305872D01*
X0377185Y0305988D01*
X0377289Y0306101D01*
X0377395Y0306212D01*
X0377504Y0306320D01*
X0377616Y0306425D01*
X0377730Y0306526D01*
X0377848Y0306625D01*
X0377967Y0306721D01*
X0378089Y0306814D01*
X0378214Y0306903D01*
X0378341Y0306990D01*
X0378470Y0307072D01*
X0378601Y0307152D01*
X0378734Y0307228D01*
X0378869Y0307301D01*
X0379006Y0307370D01*
X0379145Y0307435D01*
X0379285Y0307497D01*
X0379427Y0307555D01*
X0379570Y0307610D01*
X0379715Y0307661D01*
X0379861Y0307708D01*
X0380008Y0307751D01*
X0380156Y0307790D01*
X0380305Y0307826D01*
X0380455Y0307857D01*
X0380606Y0307885D01*
X0380757Y0307909D01*
X0380910Y0307929D01*
X0381062Y0307945D01*
X0381215Y0307957D01*
X0381368Y0307965D01*
X0381521Y0307969D01*
X0381675Y0307969D01*
X0381828Y0307965D01*
X0381981Y0307957D01*
X0382134Y0307945D01*
X0382286Y0307929D01*
X0382439Y0307909D01*
X0382590Y0307885D01*
X0382741Y0307857D01*
X0382891Y0307826D01*
X0383040Y0307790D01*
X0383188Y0307751D01*
X0383335Y0307708D01*
X0383481Y0307661D01*
X0383626Y0307610D01*
X0383769Y0307555D01*
X0383911Y0307497D01*
X0384051Y0307435D01*
X0384190Y0307370D01*
X0384327Y0307301D01*
X0384462Y0307228D01*
X0384595Y0307152D01*
X0384726Y0307072D01*
X0384855Y0306990D01*
X0384982Y0306903D01*
X0385107Y0306814D01*
X0385229Y0306721D01*
X0385348Y0306625D01*
X0385466Y0306526D01*
X0385580Y0306425D01*
X0385692Y0306320D01*
X0385801Y0306212D01*
X0385907Y0306101D01*
X0386011Y0305988D01*
X0386111Y0305872D01*
X0386209Y0305754D01*
X0386303Y0305633D01*
X0386394Y0305510D01*
X0386482Y0305384D01*
X0386566Y0305256D01*
X0386648Y0305126D01*
X0386725Y0304994D01*
X0386800Y0304860D01*
X0386871Y0304724D01*
X0386938Y0304586D01*
X0387002Y0304446D01*
X0387062Y0304305D01*
X0387118Y0304163D01*
X0387171Y0304019D01*
X0387220Y0303873D01*
X0387265Y0303727D01*
X0387306Y0303579D01*
X0387343Y0303431D01*
X0387377Y0303281D01*
X0387407Y0303130D01*
X0387432Y0302979D01*
X0387454Y0302828D01*
X0387472Y0302675D01*
X0387486Y0302523D01*
X0387496Y0302370D01*
X0387502Y0302216D01*
X0387504Y0302063D01*
X0387502Y0301910D01*
X0387496Y0301756D01*
X0387486Y0301603D01*
X0387472Y0301451D01*
X0387454Y0301298D01*
X0387432Y0301147D01*
X0387407Y0300996D01*
X0387377Y0300845D01*
X0387343Y0300695D01*
X0387306Y0300547D01*
X0387265Y0300399D01*
X0387220Y0300253D01*
X0387171Y0300107D01*
X0387118Y0299963D01*
X0387062Y0299821D01*
X0387002Y0299680D01*
X0386938Y0299540D01*
X0386871Y0299402D01*
X0386800Y0299266D01*
X0386725Y0299132D01*
X0386648Y0299000D01*
X0386566Y0298870D01*
X0386482Y0298742D01*
X0386394Y0298616D01*
X0386303Y0298493D01*
X0386209Y0298372D01*
X0386111Y0298254D01*
X0386011Y0298138D01*
X0385907Y0298025D01*
X0385801Y0297914D01*
X0385692Y0297806D01*
X0385580Y0297701D01*
X0385466Y0297600D01*
X0385348Y0297501D01*
X0385229Y0297405D01*
X0385107Y0297312D01*
X0384982Y0297223D01*
X0384855Y0297136D01*
X0384726Y0297054D01*
X0384595Y0296974D01*
X0384462Y0296898D01*
X0384327Y0296825D01*
X0384190Y0296756D01*
X0384051Y0296691D01*
X0383911Y0296629D01*
X0383769Y0296571D01*
X0383626Y0296516D01*
X0383481Y0296465D01*
X0383335Y0296418D01*
X0383188Y0296375D01*
X0383040Y0296336D01*
X0382891Y0296300D01*
X0382741Y0296269D01*
X0382590Y0296241D01*
X0382439Y0296217D01*
X0382286Y0296197D01*
X0382134Y0296181D01*
X0381981Y0296169D01*
X0381828Y0296161D01*
X0381675Y0296157D01*
X0381521Y0296157D01*
X0381368Y0296161D01*
X0381215Y0296169D01*
X0381062Y0296181D01*
X0380910Y0296197D01*
X0380757Y0296217D01*
X0380606Y0296241D01*
X0380455Y0296269D01*
X0380305Y0296300D01*
X0380156Y0296336D01*
X0380008Y0296375D01*
X0379861Y0296418D01*
X0379715Y0296465D01*
X0379570Y0296516D01*
X0379427Y0296571D01*
X0379285Y0296629D01*
X0379145Y0296691D01*
X0379006Y0296756D01*
X0378869Y0296825D01*
X0378734Y0296898D01*
X0378601Y0296974D01*
X0378470Y0297054D01*
X0378341Y0297136D01*
X0378214Y0297223D01*
X0378089Y0297312D01*
X0377967Y0297405D01*
X0377848Y0297501D01*
X0377730Y0297600D01*
X0377616Y0297701D01*
X0377504Y0297806D01*
X0377395Y0297914D01*
X0377289Y0298025D01*
X0377185Y0298138D01*
X0377085Y0298254D01*
X0376987Y0298372D01*
X0376893Y0298493D01*
X0376802Y0298616D01*
X0376714Y0298742D01*
X0376630Y0298870D01*
X0376548Y0299000D01*
X0376471Y0299132D01*
X0376396Y0299266D01*
X0376325Y0299402D01*
X0376258Y0299540D01*
X0376194Y0299680D01*
X0376134Y0299821D01*
X0376078Y0299963D01*
X0376025Y0300107D01*
X0375976Y0300253D01*
X0375931Y0300399D01*
X0375890Y0300547D01*
X0375853Y0300695D01*
X0375819Y0300845D01*
X0375789Y0300996D01*
X0375764Y0301147D01*
X0375742Y0301298D01*
X0375724Y0301451D01*
X0375710Y0301603D01*
X0375700Y0301756D01*
X0375694Y0301910D01*
X0375692Y0302063D01*
X0375692Y0016000D02*
X0375694Y0016153D01*
X0375700Y0016307D01*
X0375710Y0016460D01*
X0375724Y0016612D01*
X0375742Y0016765D01*
X0375764Y0016916D01*
X0375789Y0017067D01*
X0375819Y0017218D01*
X0375853Y0017368D01*
X0375890Y0017516D01*
X0375931Y0017664D01*
X0375976Y0017810D01*
X0376025Y0017956D01*
X0376078Y0018100D01*
X0376134Y0018242D01*
X0376194Y0018383D01*
X0376258Y0018523D01*
X0376325Y0018661D01*
X0376396Y0018797D01*
X0376471Y0018931D01*
X0376548Y0019063D01*
X0376630Y0019193D01*
X0376714Y0019321D01*
X0376802Y0019447D01*
X0376893Y0019570D01*
X0376987Y0019691D01*
X0377085Y0019809D01*
X0377185Y0019925D01*
X0377289Y0020038D01*
X0377395Y0020149D01*
X0377504Y0020257D01*
X0377616Y0020362D01*
X0377730Y0020463D01*
X0377848Y0020562D01*
X0377967Y0020658D01*
X0378089Y0020751D01*
X0378214Y0020840D01*
X0378341Y0020927D01*
X0378470Y0021009D01*
X0378601Y0021089D01*
X0378734Y0021165D01*
X0378869Y0021238D01*
X0379006Y0021307D01*
X0379145Y0021372D01*
X0379285Y0021434D01*
X0379427Y0021492D01*
X0379570Y0021547D01*
X0379715Y0021598D01*
X0379861Y0021645D01*
X0380008Y0021688D01*
X0380156Y0021727D01*
X0380305Y0021763D01*
X0380455Y0021794D01*
X0380606Y0021822D01*
X0380757Y0021846D01*
X0380910Y0021866D01*
X0381062Y0021882D01*
X0381215Y0021894D01*
X0381368Y0021902D01*
X0381521Y0021906D01*
X0381675Y0021906D01*
X0381828Y0021902D01*
X0381981Y0021894D01*
X0382134Y0021882D01*
X0382286Y0021866D01*
X0382439Y0021846D01*
X0382590Y0021822D01*
X0382741Y0021794D01*
X0382891Y0021763D01*
X0383040Y0021727D01*
X0383188Y0021688D01*
X0383335Y0021645D01*
X0383481Y0021598D01*
X0383626Y0021547D01*
X0383769Y0021492D01*
X0383911Y0021434D01*
X0384051Y0021372D01*
X0384190Y0021307D01*
X0384327Y0021238D01*
X0384462Y0021165D01*
X0384595Y0021089D01*
X0384726Y0021009D01*
X0384855Y0020927D01*
X0384982Y0020840D01*
X0385107Y0020751D01*
X0385229Y0020658D01*
X0385348Y0020562D01*
X0385466Y0020463D01*
X0385580Y0020362D01*
X0385692Y0020257D01*
X0385801Y0020149D01*
X0385907Y0020038D01*
X0386011Y0019925D01*
X0386111Y0019809D01*
X0386209Y0019691D01*
X0386303Y0019570D01*
X0386394Y0019447D01*
X0386482Y0019321D01*
X0386566Y0019193D01*
X0386648Y0019063D01*
X0386725Y0018931D01*
X0386800Y0018797D01*
X0386871Y0018661D01*
X0386938Y0018523D01*
X0387002Y0018383D01*
X0387062Y0018242D01*
X0387118Y0018100D01*
X0387171Y0017956D01*
X0387220Y0017810D01*
X0387265Y0017664D01*
X0387306Y0017516D01*
X0387343Y0017368D01*
X0387377Y0017218D01*
X0387407Y0017067D01*
X0387432Y0016916D01*
X0387454Y0016765D01*
X0387472Y0016612D01*
X0387486Y0016460D01*
X0387496Y0016307D01*
X0387502Y0016153D01*
X0387504Y0016000D01*
X0387502Y0015847D01*
X0387496Y0015693D01*
X0387486Y0015540D01*
X0387472Y0015388D01*
X0387454Y0015235D01*
X0387432Y0015084D01*
X0387407Y0014933D01*
X0387377Y0014782D01*
X0387343Y0014632D01*
X0387306Y0014484D01*
X0387265Y0014336D01*
X0387220Y0014190D01*
X0387171Y0014044D01*
X0387118Y0013900D01*
X0387062Y0013758D01*
X0387002Y0013617D01*
X0386938Y0013477D01*
X0386871Y0013339D01*
X0386800Y0013203D01*
X0386725Y0013069D01*
X0386648Y0012937D01*
X0386566Y0012807D01*
X0386482Y0012679D01*
X0386394Y0012553D01*
X0386303Y0012430D01*
X0386209Y0012309D01*
X0386111Y0012191D01*
X0386011Y0012075D01*
X0385907Y0011962D01*
X0385801Y0011851D01*
X0385692Y0011743D01*
X0385580Y0011638D01*
X0385466Y0011537D01*
X0385348Y0011438D01*
X0385229Y0011342D01*
X0385107Y0011249D01*
X0384982Y0011160D01*
X0384855Y0011073D01*
X0384726Y0010991D01*
X0384595Y0010911D01*
X0384462Y0010835D01*
X0384327Y0010762D01*
X0384190Y0010693D01*
X0384051Y0010628D01*
X0383911Y0010566D01*
X0383769Y0010508D01*
X0383626Y0010453D01*
X0383481Y0010402D01*
X0383335Y0010355D01*
X0383188Y0010312D01*
X0383040Y0010273D01*
X0382891Y0010237D01*
X0382741Y0010206D01*
X0382590Y0010178D01*
X0382439Y0010154D01*
X0382286Y0010134D01*
X0382134Y0010118D01*
X0381981Y0010106D01*
X0381828Y0010098D01*
X0381675Y0010094D01*
X0381521Y0010094D01*
X0381368Y0010098D01*
X0381215Y0010106D01*
X0381062Y0010118D01*
X0380910Y0010134D01*
X0380757Y0010154D01*
X0380606Y0010178D01*
X0380455Y0010206D01*
X0380305Y0010237D01*
X0380156Y0010273D01*
X0380008Y0010312D01*
X0379861Y0010355D01*
X0379715Y0010402D01*
X0379570Y0010453D01*
X0379427Y0010508D01*
X0379285Y0010566D01*
X0379145Y0010628D01*
X0379006Y0010693D01*
X0378869Y0010762D01*
X0378734Y0010835D01*
X0378601Y0010911D01*
X0378470Y0010991D01*
X0378341Y0011073D01*
X0378214Y0011160D01*
X0378089Y0011249D01*
X0377967Y0011342D01*
X0377848Y0011438D01*
X0377730Y0011537D01*
X0377616Y0011638D01*
X0377504Y0011743D01*
X0377395Y0011851D01*
X0377289Y0011962D01*
X0377185Y0012075D01*
X0377085Y0012191D01*
X0376987Y0012309D01*
X0376893Y0012430D01*
X0376802Y0012553D01*
X0376714Y0012679D01*
X0376630Y0012807D01*
X0376548Y0012937D01*
X0376471Y0013069D01*
X0376396Y0013203D01*
X0376325Y0013339D01*
X0376258Y0013477D01*
X0376194Y0013617D01*
X0376134Y0013758D01*
X0376078Y0013900D01*
X0376025Y0014044D01*
X0375976Y0014190D01*
X0375931Y0014336D01*
X0375890Y0014484D01*
X0375853Y0014632D01*
X0375819Y0014782D01*
X0375789Y0014933D01*
X0375764Y0015084D01*
X0375742Y0015235D01*
X0375724Y0015388D01*
X0375710Y0015540D01*
X0375700Y0015693D01*
X0375694Y0015847D01*
X0375692Y0016000D01*
M02*
